--2017-08-23 01:12:25--  http://localhost:8000/images/processed/2.JPG
Auflösen des Hostnamen »localhost (localhost)«... 127.0.0.1
Verbindungsaufbau zu localhost (localhost)|127.0.0.1|:8000... verbunden.
HTTP-Anforderung gesendet, warte auf Antwort... 200 OK
Länge: 1578952 (1,5M) [image/jpeg]
In »»/tmp/tmp.v2zaztO2S6«« speichern.

     0K .......... .......... .......... .......... ..........  3%  236M 0s
    50K .......... .......... .......... .......... ..........  6%  296M 0s
   100K .......... .......... .......... .......... ..........  9%  256M 0s
   150K .......... .......... .......... .......... .......... 12%  259M 0s
   200K .......... .......... .......... .......... .......... 16%  247M 0s
   250K .......... .......... .......... .......... .......... 19%  310M 0s
   300K .......... .......... .......... .......... .......... 22%  312M 0s
   350K .......... .......... .......... .......... .......... 25%  299M 0s
   400K .......... .......... .......... .......... .......... 29%  268M 0s
   450K .......... .......... .......... .......... .......... 32%  301M 0s
   500K .......... .......... .......... .......... .......... 35%  297M 0s
   550K .......... .......... .......... .......... .......... 38%  310M 0s
   600K .......... .......... .......... .......... .......... 42%  251M 0s
   650K .......... .......... .......... .......... .......... 45%  309M 0s
   700K .......... .......... .......... .......... .......... 48%  284M 0s
   750K .......... .......... .......... .......... .......... 51%  313M 0s
   800K .......... .......... .......... .......... .......... 55%  287M 0s
   850K .......... .......... .......... .......... .......... 58%  317M 0s
   900K .......... .......... .......... .......... .......... 61%  313M 0s
   950K .......... .......... .......... .......... .......... 64%  298M 0s
  1000K .......... .......... .......... .......... .......... 68%  283M 0s
  1050K .......... .......... .......... .......... .......... 71%  368M 0s
  1100K .......... .......... .......... .......... .......... 74%  351M 0s
  1150K .......... .......... .......... .......... .......... 77%  360M 0s
  1200K .......... .......... .......... .......... .......... 81%  308M 0s
  1250K .......... .......... .......... .......... .......... 84%  361M 0s
  1300K .......... .......... .......... .......... .......... 87%  333M 0s
  1350K .......... .......... .......... .......... .......... 90%  349M 0s
  1400K .......... .......... .......... .......... .......... 94%  265M 0s
  1450K .......... .......... .......... .......... .......... 97%  356M 0s
  1500K .......... .......... .......... .......... .         100%  317M=0,005s

2017-08-23 01:12:26 (299 MB/s) - »/tmp/tmp.v2zaztO2S6« gespeichert [1578952/1578952]

